SF:lib/tidl.js
DA:1,1
DA:2,1
DA:3,1
DA:4,1
DA:5,33
DA:6,33
DA:7,63
DA:8,3
DA:9,3
DA:11,1
DA:16,1
DA:17,29
DA:18,0
DA:19,0
DA:21,29
DA:22,356
DA:23,356
DA:25,29
DA:34,1
DA:35,139
DA:36,139
DA:37,139
DA:38,139
DA:41,1
DA:42,1623
DA:43,0
DA:44,404
DA:46,491
DA:47,486
DA:50,118
DA:51,118
DA:52,236
DA:53,0
DA:54,246
DA:57,0
DA:58,0
DA:59,0
DA:62,790
DA:63,1026
DA:64,790
DA:66,14
DA:68,0
DA:69,0
DA:71,0
DA:73,30
DA:74,29
DA:75,29
DA:77,30
DA:79,0
DA:81,1504
DA:82,3342
DA:83,1114
DA:84,1114
DA:85,28
DA:86,14
DA:89,390
DA:90,390
DA:91,652
DA:92,390
DA:95,0
DA:100,1
DA:101,0
DA:102,0
DA:103,0
DA:104,0
DA:105,0
DA:106,0
DA:107,0
DA:108,0
DA:109,0
DA:111,0
DA:112,0
DA:115,0
DA:116,57
DA:118,1
DA:119,0
DA:120,0
DA:121,0
DA:123,1
DA:124,5
DA:125,10
DA:127,0
DA:130,1
DA:131,15
DA:132,9
DA:133,9
DA:134,9
DA:135,0
DA:136,0
DA:138,9
DA:141,6
DA:144,1
DA:145,8
DA:146,8
DA:147,8
DA:149,0
DA:152,1
DA:153,7
DA:154,7
DA:155,7
DA:156,7
DA:159,7
DA:160,1
DA:163,7
DA:164,7
DA:165,7
DA:166,1
DA:167,1
DA:168,1
DA:169,1
DA:171,7
DA:174,1
DA:175,58
DA:176,58
DA:177,58
DA:178,58
DA:181,1
DA:182,1
DA:183,1
DA:184,1
DA:185,1
DA:186,1
DA:189,1
DA:190,53
DA:191,53
DA:192,53
DA:195,1
DA:196,5
DA:197,5
DA:198,5
DA:199,3
DA:200,3
DA:202,5
DA:205,1
DA:206,24
DA:207,24
DA:208,24
DA:209,24
DA:210,24
DA:213,1
DA:214,1
DA:215,1
DA:216,1
DA:217,1
DA:218,1
DA:219,1
DA:222,1
DA:223,11
DA:224,11
DA:225,11
DA:226,11
DA:227,11
DA:228,11
DA:229,11
DA:230,11
DA:231,11
DA:234,1
DA:236,1
DA:238,1
DA:239,0
DA:240,0
DA:241,0
DA:242,0
DA:243,0
DA:244,0
DA:245,0
DA:247,0
DA:248,0
DA:249,0
DA:251,0
DA:252,0
DA:253,0
DA:254,0
DA:255,0
DA:258,1
DA:259,36
DA:260,36
DA:261,36
DA:262,36
DA:263,36
DA:264,36
DA:265,36
DA:266,36
DA:268,36
DA:269,36
DA:270,36
DA:271,36
DA:272,1
DA:274,36
DA:275,1
DA:277,36
DA:278,1
DA:280,36
DA:281,1
DA:283,36
DA:284,1
DA:286,36
DA:289,1
DA:290,0
DA:291,0
DA:292,0
DA:293,0
DA:294,0
DA:295,0
DA:296,0
DA:298,0
DA:299,0
DA:300,0
DA:302,0
DA:303,0
DA:304,0
DA:306,0
DA:307,0
DA:308,0
DA:310,0
DA:311,0
DA:312,0
DA:314,0
DA:315,0
DA:316,0
DA:318,0
DA:321,1
DA:322,60
DA:323,60
DA:324,60
DA:325,60
DA:326,60
DA:327,60
DA:328,60
DA:330,60
DA:331,60
DA:332,60
DA:334,60
DA:335,0
DA:337,60
DA:338,0
DA:340,60
DA:341,0
DA:343,60
DA:344,0
DA:346,60
DA:349,1
DA:350,0
DA:351,0
DA:352,0
DA:354,0
DA:355,0
DA:356,0
DA:358,0
DA:359,0
DA:360,0
DA:362,0
DA:363,0
DA:364,0
DA:366,0
DA:367,0
DA:368,0
DA:370,0
DA:371,0
DA:372,0
DA:374,0
DA:375,0
DA:376,0
DA:378,0
DA:381,1
DA:423,1
DA:425,3
DA:426,3
DA:427,3
DA:430,1
DA:431,1
DA:432,1
DA:433,1
DA:434,1
DA:436,1
DA:437,27
DA:438,54
DA:440,0
DA:441,0
DA:442,0
DA:443,0
DA:444,0
DA:445,0
DA:447,0
DA:449,0
DA:450,0
DA:453,0
DA:455,0
DA:456,0
DA:459,0
DA:460,0
DA:461,0
DA:464,0
DA:465,0
DA:466,0
DA:470,0
DA:473,1
DA:475,6
DA:476,6
DA:478,6
DA:479,6
DA:480,6
DA:481,6
DA:482,180
DA:483,180
DA:484,6
DA:485,6
DA:488,6
DA:491,6
DA:492,0
DA:493,0
DA:495,0
DA:496,0
DA:497,0
DA:501,6
DA:504,1
DA:505,12
DA:508,1
DA:510,6
DA:511,6
DA:513,6
DA:515,6
DA:516,0
DA:520,0
DA:521,0
DA:525,6
DA:528,1
DA:529,3
DA:530,3
DA:532,3
DA:534,3
DA:535,6
DA:536,6
DA:538,3
DA:541,1
DA:543,3
DA:544,3
DA:546,3
DA:547,3
DA:548,3
DA:549,6
DA:550,6
DA:551,6
DA:552,3
DA:553,3
DA:555,3
DA:557,6
DA:559,3
DA:563,1
DA:564,3
DA:565,3
DA:566,0
DA:569,3
DA:570,3
DA:571,3
DA:572,90
DA:573,90
DA:574,3
DA:575,3
DA:578,3
DA:579,3
DA:580,3
DA:581,0
DA:582,0
DA:584,3
DA:585,0
DA:587,3
DA:589,3
DA:590,0
DA:593,3
DA:594,3
DA:595,3
DA:596,3
DA:597,6
DA:598,6
DA:599,0
DA:600,0
DA:601,0
DA:602,0
DA:603,0
DA:604,0
DA:605,0
DA:606,0
DA:608,0
DA:612,3
DA:613,3
DA:614,0
DA:615,3
DA:616,0
DA:617,3
DA:618,0
DA:621,3
DA:622,3
DA:625,1
DA:627,2
DA:628,2
DA:629,2
DA:630,2
DA:633,0
DA:634,0
DA:635,0
DA:636,0
DA:637,0
DA:638,0
DA:643,0
DA:644,0
DA:646,0
DA:647,0
DA:648,0
DA:649,0
DA:650,0
DA:651,0
DA:656,0
DA:660,1
DA:661,57
DA:662,57
DA:663,57
DA:664,57
DA:665,27
DA:666,27
DA:667,0
DA:668,0
DA:670,0
DA:673,27
DA:675,27
DA:676,3
DA:677,3
DA:678,3
DA:679,3
DA:680,0
DA:681,0
DA:684,3
DA:685,3
DA:686,3
DA:689,3
DA:691,0
DA:694,3
DA:695,3
DA:696,3
DA:697,3
DA:698,3
DA:704,1
DA:705,57
DA:706,57
DA:710,57
DA:711,0
DA:712,0
DA:713,0
DA:714,0
DA:715,0
DA:716,0
DA:719,0
DA:720,0
DA:721,0
DA:724,0
DA:726,0
DA:728,0
DA:732,57
DA:733,27
DA:735,27
DA:736,2
DA:737,2
DA:738,2
DA:739,2
DA:740,0
DA:741,0
DA:744,2
DA:745,2
DA:746,2
DA:749,2
DA:751,0
DA:753,2
DA:759,1
DA:760,1
DA:761,1
DA:762,1
DA:763,1
DA:764,1
DA:766,1
DA:792,1
DA:793,59
DA:794,59
DA:795,59
DA:796,275
DA:797,605
DA:798,12
DA:799,22
DA:801,593
DA:802,124
DA:805,141
DA:808,59
DA:809,30
DA:810,32
DA:811,32
DA:812,171
DA:813,30
DA:814,30
DA:816,141
DA:817,141
DA:819,32
DA:820,30
DA:822,32
DA:823,32
DA:824,32
DA:825,32
DA:826,32
DA:827,32
DA:831,32
DA:833,0
DA:837,59
DA:838,8
DA:839,11
DA:840,11
DA:841,107
DA:842,8
DA:843,8
DA:844,8
DA:847,11
DA:848,8
DA:850,11
DA:851,11
DA:855,59
DA:856,0
DA:857,0
DA:858,0
DA:861,0
DA:862,0
DA:863,0
DA:865,0
DA:866,0
DA:867,0
DA:870,0
DA:871,0
DA:873,0
DA:874,0
DA:875,0
DA:876,0
DA:877,0
DA:878,0
DA:880,0
DA:883,0
DA:884,0
DA:885,0
DA:886,0
DA:888,0
DA:889,0
DA:890,0
DA:891,0
DA:892,0
DA:893,0
DA:897,0
DA:898,0
DA:902,59
DA:903,21
DA:904,63
DA:905,21
DA:908,42
DA:909,0
DA:910,0
DA:912,42
DA:913,0
DA:914,0
DA:917,42
DA:918,42
DA:919,42
DA:921,42
DA:922,21
DA:923,21
DA:924,21
DA:925,21
DA:926,20
DA:928,1
DA:931,21
DA:932,0
DA:933,0
DA:934,0
DA:935,0
DA:936,0
DA:939,21
DA:940,0
DA:942,21
DA:943,21
DA:944,21
DA:949,59
DA:950,0
DA:951,0
DA:952,0
DA:955,0
DA:956,0
DA:957,0
DA:960,0
DA:961,0
DA:962,0
DA:965,0
DA:966,0
DA:967,0
DA:968,0
DA:970,0
DA:971,0
DA:972,0
DA:973,0
DA:974,0
DA:977,0
DA:978,0
DA:979,0
DA:980,0
DA:982,0
DA:983,0
DA:984,0
DA:985,0
DA:986,0
DA:987,0
DA:990,0
DA:991,0
DA:993,0
DA:994,0
DA:995,0
DA:996,0
DA:997,0
DA:999,0
DA:1000,0
DA:1001,0
DA:1002,0
DA:1003,0
DA:1005,0
DA:1008,0
DA:1009,0
DA:1010,0
DA:1011,0
DA:1014,0
DA:1015,0
DA:1016,0
DA:1017,0
DA:1021,59
DA:1022,22
DA:1023,40
DA:1024,0
DA:1027,40
DA:1028,0
DA:1029,0
DA:1031,40
DA:1032,0
DA:1033,0
DA:1037,40
DA:1038,40
DA:1039,40
DA:1042,40
DA:1043,40
DA:1044,0
DA:1045,0
DA:1046,0
DA:1047,0
DA:1049,40
DA:1050,4
DA:1051,4
DA:1052,4
DA:1053,4
DA:1054,4
DA:1055,4
DA:1056,4
DA:1057,4
DA:1059,36
DA:1060,18
DA:1061,18
DA:1062,18
DA:1065,18
DA:1066,18
DA:1067,18
DA:1068,18
DA:1069,18
DA:1070,18
DA:1072,18
DA:1076,0
DA:1077,0
DA:1081,59
DA:1082,11
DA:1084,33
DA:1085,0
DA:1088,33
DA:1089,0
DA:1090,0
DA:1092,33
DA:1093,0
DA:1094,0
DA:1098,33
DA:1099,33
DA:1100,33
DA:1101,33
DA:1102,33
DA:1103,11
DA:1104,11
DA:1105,11
DA:1106,11
DA:1107,11
DA:1110,22
DA:1111,22
DA:1112,11
DA:1113,11
DA:1114,11
DA:1115,11
DA:1116,11
DA:1119,11
DA:1120,11
DA:1121,11
DA:1122,11
DA:1125,0
DA:1126,0
DA:1127,0
DA:1130,0
DA:1135,59
DA:1136,11
DA:1138,37
DA:1139,10
DA:1142,27
DA:1143,0
DA:1144,0
DA:1147,27
DA:1148,0
DA:1149,0
DA:1152,27
DA:1153,27
DA:1155,27
DA:1156,16
DA:1157,16
DA:1158,16
DA:1159,16
DA:1160,16
DA:1162,1
DA:1164,16
DA:1166,15
DA:1167,20
DA:1168,5
DA:1174,16
DA:1175,16
DA:1176,16
DA:1179,0
DA:1180,0
DA:1181,0
DA:1184,11
DA:1185,11
DA:1186,11
DA:1188,0
DA:1189,0
DA:1190,0
DA:1194,59
DA:1195,11
DA:1197,52
DA:1198,8
DA:1201,44
DA:1202,0
DA:1203,0
DA:1206,44
DA:1207,0
DA:1208,0
DA:1211,44
DA:1212,44
DA:1213,44
DA:1215,44
DA:1216,11
DA:1217,11
DA:1218,11
DA:1219,11
DA:1220,3
DA:1223,8
DA:1227,33
DA:1228,11
DA:1229,11
DA:1230,11
DA:1231,11
DA:1233,22
DA:1234,11
DA:1235,0
DA:1236,0
DA:1237,0
DA:1238,0
DA:1239,0
DA:1240,0
DA:1241,0
DA:1244,0
DA:1245,0
DA:1246,0
DA:1247,0
DA:1248,0
DA:1249,0
DA:1250,0
DA:1254,11
DA:1255,11
DA:1256,11
DA:1257,11
DA:1260,11
DA:1261,11
DA:1262,11
DA:1263,11
DA:1267,11
DA:1268,11
DA:1269,11
DA:1272,0
DA:1273,0
DA:1274,0
DA:1278,59
DA:1279,28
DA:1281,92
DA:1282,39
DA:1285,53
DA:1286,2
DA:1287,2
DA:1290,51
DA:1291,1
DA:1292,1
DA:1295,50
DA:1296,50
DA:1297,50
DA:1298,50
DA:1300,50
DA:1301,27
DA:1302,27
DA:1303,27
DA:1304,27
DA:1305,27
DA:1306,27
DA:1311,27
DA:1314,23
DA:1315,12
DA:1316,12
DA:1317,12
DA:1318,12
DA:1319,12
DA:1322,2
DA:1324,12
DA:1326,10
DA:1327,11
DA:1328,1
DA:1334,12
DA:1335,12
DA:1336,12
DA:1339,0
DA:1340,0
DA:1341,0
DA:1345,11
DA:1346,11
DA:1347,8
DA:1348,8
DA:1349,8
DA:1350,8
DA:1351,8
DA:1352,8
DA:1353,8
DA:1354,8
DA:1357,3
DA:1358,3
DA:1359,3
DA:1360,3
DA:1361,0
DA:1362,0
DA:1363,0
DA:1366,3
DA:1373,3
DA:1374,3
DA:1375,3
DA:1376,3
DA:1377,3
DA:1378,0
DA:1381,3
DA:1385,0
DA:1386,0
DA:1387,0
DA:1388,0
DA:1389,0
DA:1391,0
DA:1395,59
DA:1396,35
DA:1398,218
DA:1399,91
DA:1402,127
DA:1403,1
DA:1404,1
DA:1407,126
DA:1408,1
DA:1409,1
DA:1412,125
DA:1413,125
DA:1414,125
DA:1415,125
DA:1417,125
DA:1418,97
DA:1419,91
DA:1420,59
DA:1421,28
DA:1422,28
DA:1423,28
DA:1424,0
DA:1425,0
DA:1426,0
DA:1429,28
DA:1430,0
DA:1431,0
DA:1434,28
DA:1436,28
DA:1438,31
DA:1439,30
DA:1440,30
DA:1441,30
DA:1444,1
DA:1448,32
DA:1449,32
DA:1450,32
DA:1451,32
DA:1452,1
DA:1454,31
DA:1458,6
DA:1459,3
DA:1460,2
DA:1461,0
DA:1462,0
DA:1463,0
DA:1464,0
DA:1465,0
DA:1467,2
DA:1468,1
DA:1472,1
DA:1475,1
DA:1476,1
DA:1479,0
DA:1483,3
DA:1488,35
DA:1489,28
DA:1490,0
DA:1492,28
DA:1493,28
DA:1494,28
DA:1495,28
DA:1498,7
DA:1499,7
DA:1500,7
DA:1501,7
DA:1502,0
DA:1504,7
DA:1508,59
DA:1509,2
DA:1511,8
DA:1512,3
DA:1515,5
DA:1516,0
DA:1517,0
DA:1520,5
DA:1521,0
DA:1522,0
DA:1525,5
DA:1526,5
DA:1527,5
DA:1529,5
DA:1530,2
DA:1531,2
DA:1532,2
DA:1533,2
DA:1536,3
DA:1537,3
DA:1538,3
DA:1539,3
DA:1540,3
DA:1541,3
DA:1543,1
DA:1545,3
DA:1547,2
DA:1548,5
DA:1549,1
DA:1555,3
DA:1556,3
DA:1557,3
DA:1560,0
DA:1561,0
DA:1562,0
DA:1565,0
DA:1566,0
DA:1567,0
DA:1568,0
DA:1569,0
DA:1570,0
DA:1573,0
DA:1574,0
DA:1575,0
DA:1576,0
DA:1577,0
DA:1578,0
DA:1579,0
DA:1580,0
DA:1581,0
DA:1582,0
DA:1586,0
DA:1587,0
DA:1588,0
DA:1589,0
DA:1590,0
DA:1592,0
DA:1596,59
DA:1597,2
DA:1599,6
DA:1600,2
DA:1603,4
DA:1604,0
DA:1605,0
DA:1608,4
DA:1609,0
DA:1610,0
DA:1613,4
DA:1614,4
DA:1615,4
DA:1617,4
DA:1618,2
DA:1619,2
DA:1620,2
DA:1621,2
DA:1622,0
DA:1624,2
DA:1628,2
DA:1629,2
DA:1630,2
DA:1631,2
DA:1632,2
DA:1635,0
DA:1636,0
DA:1637,0
DA:1638,0
DA:1639,0
DA:1641,0
DA:1645,59
DA:1647,50
DA:1649,169
DA:1650,51
DA:1653,118
DA:1654,1
DA:1655,1
DA:1658,117
DA:1659,4
DA:1660,4
DA:1663,113
DA:1664,113
DA:1665,113
DA:1667,113
DA:1668,50
DA:1669,50
DA:1670,50
DA:1672,50
DA:1673,3
DA:1674,3
DA:1675,3
DA:1677,47
DA:1679,47
DA:1680,47
DA:1681,38
DA:1686,47
DA:1687,47
DA:1690,63
DA:1691,63
DA:1692,56
DA:1693,0
DA:1694,0
DA:1695,0
DA:1696,0
DA:1697,0
DA:1699,0
DA:1700,0
DA:1703,56
DA:1705,21
DA:1706,20
DA:1707,20
DA:1708,20
DA:1709,20
DA:1711,1
DA:1712,1
DA:1715,35
DA:1716,9
DA:1717,2
DA:1720,26
DA:1721,26
DA:1722,26
DA:1723,26
DA:1727,17
DA:1728,4
DA:1729,4
DA:1730,1
DA:1731,1
DA:1732,1
DA:1734,3
DA:1735,3
DA:1738,13
DA:1739,4
DA:1740,1
DA:1742,4
DA:1743,2
DA:1745,4
DA:1746,4
DA:1747,4
DA:1751,9
DA:1753,9
DA:1757,59
DA:1758,72
DA:1760,72
DA:1761,5
DA:1764,67
DA:1765,2
DA:1766,2
DA:1769,65
DA:1770,2
DA:1771,2
DA:1774,63
DA:1776,63
DA:1777,20
DA:1778,20
DA:1779,20
DA:1780,19
DA:1781,19
DA:1782,2
DA:1785,17
DA:1786,18
DA:1787,1
DA:1793,19
DA:1794,19
DA:1795,19
DA:1798,1
DA:1799,1
DA:1802,43
DA:1803,4
DA:1804,2
DA:1805,0
DA:1806,0
DA:1808,2
DA:1809,2
DA:1810,2
DA:1811,2
DA:1813,41
DA:1814,35
DA:1815,35
DA:1816,35
DA:1817,35
DA:1818,35
DA:1821,6
DA:1822,6
DA:1826,59
DA:1827,833
DA:1830,59
DA:1832,742
DA:1833,56
DA:1836,742
DA:1837,0
DA:1839,742
DA:1842,59
DA:1849,91
DA:1852,19
DA:1855,9
DA:1858,0
DA:1863,0
DA:1864,0
DA:1865,0
DA:1866,0
DA:1867,0
DA:1868,0
DA:1869,0
DA:1870,0
DA:1871,0
DA:1872,0
DA:1873,0
DA:1874,0
DA:1877,0
DA:1880,0
DA:1882,0
DA:1883,0
DA:1886,0
DA:1888,0
DA:1897,1
DA:1898,0
DA:1899,0
DA:1901,0
DA:1902,0
DA:1905,0
DA:1906,0
DA:1907,0
DA:1908,0
DA:1910,0
DA:1911,0
DA:1914,0
DA:1917,1
DA:1918,59
DA:1919,59
DA:1920,59
DA:1922,59
DA:1923,2
DA:1926,57
DA:1928,57
DA:1929,139
DA:1930,139
DA:1931,139
DA:1932,139
DA:1933,742
DA:1934,742
DA:1935,742
DA:1936,742
DA:1937,742
DA:1938,429
DA:1941,429
DA:1942,60
DA:1943,60
DA:1944,60
DA:1955,57
DA:1956,56
DA:1957,1
DA:1966,57
DA:1967,57
DA:1968,57
DA:1970,1
DA:1971,1
DA:1972,1
DA:1975,0
DA:1978,1
DA:1979,0
DA:1980,0
end_of_record
