SF:lib/tidl.js
DA:1,1
DA:2,1
DA:3,1
DA:4,1
DA:5,132
DA:6,132
DA:7,218
DA:8,46
DA:9,46
DA:11,1
DA:16,1
DA:17,160
DA:18,0
DA:19,0
DA:21,160
DA:22,3195
DA:23,2495
DA:25,160
DA:34,1
DA:35,451
DA:36,451
DA:37,451
DA:38,451
DA:41,1
DA:42,4941
DA:43,0
DA:44,1161
DA:46,3711
DA:47,3705
DA:50,321
DA:51,321
DA:52,642
DA:53,0
DA:54,761
DA:57,0
DA:58,0
DA:59,0
DA:62,2415
DA:63,3574
DA:64,2415
DA:66,15
DA:68,0
DA:69,0
DA:71,0
DA:73,161
DA:74,160
DA:75,160
DA:77,161
DA:79,0
DA:81,4210
DA:82,9702
DA:83,3234
DA:84,3234
DA:85,28
DA:86,14
DA:89,976
DA:90,976
DA:91,1619
DA:92,976
DA:95,0
DA:100,1
DA:101,0
DA:102,0
DA:103,0
DA:104,0
DA:105,0
DA:106,0
DA:107,0
DA:108,0
DA:109,0
DA:111,0
DA:112,0
DA:115,0
DA:116,63
DA:118,1
DA:119,0
DA:120,0
DA:121,0
DA:123,1
DA:124,129
DA:125,193
DA:127,99
DA:130,1
DA:131,3
DA:132,3
DA:133,4
DA:134,7
DA:136,0
DA:139,1
DA:140,686
DA:141,1758
DA:142,1758
DA:143,319
DA:144,0
DA:145,0
DA:147,319
DA:150,367
DA:153,1
DA:154,11
DA:155,11
DA:156,10
DA:158,1
DA:161,1
DA:162,67
DA:163,67
DA:164,67
DA:165,67
DA:168,67
DA:169,1
DA:172,67
DA:173,67
DA:174,67
DA:175,9
DA:176,9
DA:177,9
DA:178,9
DA:180,67
DA:183,1
DA:184,480
DA:185,480
DA:186,480
DA:187,480
DA:188,480
DA:189,254
DA:190,0
DA:192,254
DA:193,254
DA:194,254
DA:195,61
DA:196,61
DA:198,254
DA:199,339
DA:200,266
DA:202,254
DA:203,254
DA:205,480
DA:208,1
DA:209,4
DA:210,4
DA:211,4
DA:212,4
DA:213,4
DA:216,1
DA:217,97
DA:218,97
DA:219,97
DA:220,97
DA:221,97
DA:222,505
DA:224,505
DA:227,0
DA:228,0
DA:234,1
DA:235,509
DA:236,509
DA:237,509
DA:238,509
DA:239,0
DA:240,0
DA:243,509
DA:244,101
DA:245,101
DA:246,14
DA:247,14
DA:248,16
DA:249,15
DA:251,14
DA:253,101
DA:255,509
DA:258,1
DA:259,7
DA:260,7
DA:261,7
DA:262,3
DA:263,3
DA:265,7
DA:268,1
DA:269,111
DA:270,111
DA:271,111
DA:272,111
DA:273,111
DA:274,111
DA:275,48
DA:276,48
DA:277,3
DA:279,48
DA:280,25
DA:282,48
DA:283,48
DA:284,48
DA:286,111
DA:289,1
DA:290,2
DA:291,2
DA:292,2
DA:293,2
DA:294,2
DA:295,2
DA:298,1
DA:299,202
DA:300,202
DA:301,202
DA:302,202
DA:303,202
DA:304,0
DA:305,0
DA:308,202
DA:309,202
DA:310,0
DA:311,0
DA:314,202
DA:315,202
DA:316,202
DA:317,202
DA:318,202
DA:319,83
DA:320,84
DA:321,83
DA:322,37
DA:325,46
DA:328,83
DA:330,83
DA:331,57
DA:332,47
DA:333,47
DA:335,83
DA:336,83
DA:337,29
DA:338,29
DA:339,63
DA:340,46
DA:343,54
DA:344,1
DA:345,1
DA:346,3
DA:347,2
DA:350,83
DA:351,83
DA:352,235
DA:354,83
DA:355,83
DA:357,202
DA:360,1
DA:362,1
DA:364,1
DA:365,1
DA:366,1
DA:367,1
DA:368,1
DA:369,1
DA:370,1
DA:371,1
DA:373,1
DA:374,1
DA:375,1
DA:377,1
DA:378,1
DA:379,1
DA:380,1
DA:381,1
DA:384,1
DA:385,52
DA:386,52
DA:387,52
DA:388,52
DA:389,52
DA:390,0
DA:391,0
DA:394,52
DA:395,52
DA:396,0
DA:397,0
DA:400,52
DA:401,52
DA:402,0
DA:403,0
DA:406,52
DA:407,52
DA:408,0
DA:409,0
DA:412,52
DA:413,52
DA:414,0
DA:415,0
DA:419,52
DA:420,52
DA:421,0
DA:422,0
DA:425,52
DA:426,52
DA:427,0
DA:428,0
DA:431,52
DA:432,52
DA:433,52
DA:434,52
DA:435,90
DA:437,52
DA:438,34
DA:440,52
DA:441,1
DA:443,52
DA:444,1
DA:446,52
DA:447,1
DA:449,52
DA:450,1
DA:452,52
DA:453,9
DA:454,9
DA:455,9
DA:456,3
DA:458,9
DA:459,9
DA:460,9
DA:462,9
DA:463,36
DA:465,9
DA:466,0
DA:468,9
DA:469,0
DA:471,9
DA:472,44
DA:474,9
DA:475,0
DA:478,9
DA:479,9
DA:481,52
DA:484,1
DA:485,1
DA:486,1
DA:487,1
DA:488,1
DA:489,1
DA:490,1
DA:491,1
DA:493,1
DA:494,0
DA:495,0
DA:497,1
DA:498,0
DA:499,0
DA:501,1
DA:502,0
DA:503,0
DA:505,1
DA:506,0
DA:507,0
DA:509,1
DA:510,0
DA:511,0
DA:513,1
DA:516,1
DA:517,81
DA:518,81
DA:519,81
DA:520,81
DA:521,0
DA:522,0
DA:526,81
DA:527,81
DA:528,0
DA:529,0
DA:532,81
DA:533,81
DA:534,0
DA:535,0
DA:538,81
DA:539,81
DA:540,0
DA:541,0
DA:545,81
DA:546,81
DA:547,0
DA:548,0
DA:551,81
DA:552,81
DA:553,0
DA:554,0
DA:557,81
DA:558,81
DA:559,0
DA:560,0
DA:564,81
DA:565,81
DA:566,81
DA:568,81
DA:569,0
DA:571,81
DA:572,1
DA:574,81
DA:575,0
DA:577,81
DA:578,0
DA:580,81
DA:581,0
DA:583,81
DA:584,3
DA:587,81
DA:588,4
DA:589,4
DA:591,4
DA:592,4
DA:593,3
DA:594,3
DA:595,3
DA:596,3
DA:599,1
DA:603,4
DA:604,8
DA:605,4
DA:609,4
DA:610,8
DA:611,8
DA:614,4
DA:615,0
DA:618,4
DA:619,0
DA:622,4
DA:623,0
DA:626,4
DA:627,0
DA:630,4
DA:632,4
DA:634,81
DA:637,1
DA:638,1
DA:639,1
DA:640,1
DA:642,1
DA:643,1
DA:644,1
DA:646,1
DA:647,0
DA:648,0
DA:650,1
DA:651,0
DA:652,0
DA:654,1
DA:655,0
DA:656,0
DA:658,1
DA:659,0
DA:660,0
DA:662,1
DA:663,1
DA:664,1
DA:666,1
DA:669,1
DA:711,1
DA:713,23
DA:714,23
DA:715,23
DA:718,1
DA:719,1
DA:720,1
DA:721,1
DA:722,1
DA:723,1
DA:725,1
DA:726,199
DA:727,199
DA:729,199
DA:730,199
DA:731,199
DA:732,636
DA:733,636
DA:734,199
DA:736,437
DA:738,199
DA:739,0
DA:742,199
DA:743,199
DA:744,54
DA:747,145
DA:748,145
DA:749,18
DA:752,127
DA:753,127
DA:754,21
DA:757,106
DA:758,106
DA:759,0
DA:763,106
DA:766,1
DA:768,26
DA:769,26
DA:771,26
DA:772,26
DA:773,26
DA:774,8
DA:775,258
DA:776,258
DA:777,6
DA:778,6
DA:781,8
DA:784,26
DA:785,12
DA:786,0
DA:788,12
DA:789,15
DA:790,0
DA:794,26
DA:797,1
DA:798,34
DA:801,1
DA:803,32
DA:804,39
DA:807,25
DA:809,25
DA:811,10
DA:812,0
DA:816,15
DA:817,8
DA:821,17
DA:824,1
DA:825,23
DA:826,23
DA:828,30
DA:830,16
DA:831,24
DA:832,24
DA:834,16
DA:837,1
DA:839,23
DA:840,23
DA:841,23
DA:842,23
DA:843,23
DA:844,23
DA:845,32
DA:846,32
DA:847,47
DA:849,17
DA:850,10
DA:851,10
DA:853,7
DA:855,17
DA:857,23
DA:861,1
DA:862,23
DA:863,23
DA:864,18
DA:867,5
DA:868,5
DA:869,5
DA:870,168
DA:871,168
DA:872,3
DA:873,3
DA:876,5
DA:877,5
DA:878,5
DA:879,0
DA:880,0
DA:882,5
DA:883,0
DA:885,5
DA:887,5
DA:888,0
DA:891,5
DA:892,5
DA:893,5
DA:894,5
DA:895,10
DA:896,10
DA:897,0
DA:898,0
DA:899,0
DA:900,0
DA:901,0
DA:902,0
DA:903,0
DA:904,0
DA:906,0
DA:910,5
DA:911,5
DA:912,0
DA:913,5
DA:914,0
DA:915,5
DA:916,0
DA:919,5
DA:920,5
DA:923,1
DA:925,24
DA:926,24
DA:927,24
DA:928,0
DA:931,24
DA:932,0
DA:933,0
DA:934,0
DA:935,0
DA:936,0
DA:941,24
DA:942,43
DA:944,43
DA:945,255
DA:946,255
DA:947,24
DA:948,24
DA:949,22
DA:954,2
DA:958,1
DA:959,63
DA:960,63
DA:961,63
DA:962,63
DA:963,33
DA:964,33
DA:965,33
DA:966,33
DA:967,33
DA:969,0
DA:972,0
DA:974,33
DA:975,23
DA:976,23
DA:977,23
DA:980,23
DA:981,23
DA:984,23
DA:985,97
DA:986,97
DA:987,97
DA:988,0
DA:991,23
DA:992,23
DA:993,23
DA:996,23
DA:998,0
DA:1001,23
DA:1002,23
DA:1003,23
DA:1004,23
DA:1010,33
DA:1011,33
DA:1012,33
DA:1014,33
DA:1015,33
DA:1017,33
DA:1018,33
DA:1019,33
DA:1020,33
DA:1021,33
DA:1022,33
DA:1023,33
DA:1024,33
DA:1028,33
DA:1029,33
DA:1032,33
DA:1033,33
DA:1034,33
DA:1035,33
DA:1036,33
DA:1037,33
DA:1038,33
DA:1039,33
DA:1040,33
DA:1041,33
DA:1042,33
DA:1043,33
DA:1044,33
DA:1045,33
DA:1046,33
DA:1047,33
DA:1048,33
DA:1049,33
DA:1052,33
DA:1053,33
DA:1054,33
DA:1056,33
DA:1057,33
DA:1059,33
DA:1060,33
DA:1061,33
DA:1062,33
DA:1063,33
DA:1064,33
DA:1065,33
DA:1066,33
DA:1070,33
DA:1071,33
DA:1077,1
DA:1078,63
DA:1079,63
DA:1083,63
DA:1084,0
DA:1085,0
DA:1086,0
DA:1087,0
DA:1088,0
DA:1089,0
DA:1092,0
DA:1093,0
DA:1094,0
DA:1097,0
DA:1099,0
DA:1101,0
DA:1105,63
DA:1106,33
DA:1108,33
DA:1109,24
DA:1110,24
DA:1111,24
DA:1112,24
DA:1113,0
DA:1114,0
DA:1117,24
DA:1118,24
DA:1119,24
DA:1122,24
DA:1124,0
DA:1126,24
DA:1132,1
DA:1133,1
DA:1134,1
DA:1135,1
DA:1136,1
DA:1137,1
DA:1139,1
DA:1166,1
DA:1167,65
DA:1168,65
DA:1169,65
DA:1170,65
DA:1171,999
DA:1172,4028
DA:1173,137
DA:1174,152
DA:1176,3891
DA:1177,387
DA:1180,597
DA:1184,65
DA:1185,161
DA:1186,164
DA:1187,164
DA:1188,2907
DA:1189,161
DA:1190,161
DA:1192,2746
DA:1193,2746
DA:1195,164
DA:1196,161
DA:1198,164
DA:1199,164
DA:1200,164
DA:1201,164
DA:1202,164
DA:1203,164
DA:1208,164
DA:1212,65
DA:1213,8
DA:1214,11
DA:1215,11
DA:1216,107
DA:1217,8
DA:1218,8
DA:1219,8
DA:1222,11
DA:1223,8
DA:1225,11
DA:1226,11
DA:1230,65
DA:1231,16
DA:1232,79
DA:1233,31
DA:1236,48
DA:1237,0
DA:1238,0
DA:1240,48
DA:1241,0
DA:1242,0
DA:1245,48
DA:1246,48
DA:1248,48
DA:1249,24
DA:1250,24
DA:1251,24
DA:1252,24
DA:1253,2
DA:1255,22
DA:1258,24
DA:1259,24
DA:1260,8
DA:1261,8
DA:1263,16
DA:1264,16
DA:1265,16
DA:1266,16
DA:1267,16
DA:1268,16
DA:1272,0
DA:1273,0
DA:1277,65
DA:1278,73
DA:1279,219
DA:1280,67
DA:1283,152
DA:1284,0
DA:1285,0
DA:1287,152
DA:1288,0
DA:1289,0
DA:1292,152
DA:1293,152
DA:1294,152
DA:1296,152
DA:1297,73
DA:1298,73
DA:1299,73
DA:1300,73
DA:1301,44
DA:1303,29
DA:1306,79
DA:1307,6
DA:1308,6
DA:1309,6
DA:1310,6
DA:1311,6
DA:1314,73
DA:1315,6
DA:1317,73
DA:1318,73
DA:1319,73
DA:1324,65
DA:1325,6
DA:1326,12
DA:1327,0
DA:1330,12
DA:1331,0
DA:1332,0
DA:1335,12
DA:1336,0
DA:1337,0
DA:1340,12
DA:1341,12
DA:1342,12
DA:1343,12
DA:1345,12
DA:1346,6
DA:1347,6
DA:1348,6
DA:1349,6
DA:1352,6
DA:1353,6
DA:1354,0
DA:1355,0
DA:1357,6
DA:1358,6
DA:1359,6
DA:1360,6
DA:1361,6
DA:1362,6
DA:1365,0
DA:1366,0
DA:1368,0
DA:1369,0
DA:1370,0
DA:1371,0
DA:1372,0
DA:1374,0
DA:1375,0
DA:1376,0
DA:1377,0
DA:1378,0
DA:1380,0
DA:1383,0
DA:1384,0
DA:1385,0
DA:1386,0
DA:1389,0
DA:1390,0
DA:1391,0
DA:1392,0
DA:1396,65
DA:1397,48
DA:1398,117
DA:1399,13
DA:1402,104
DA:1403,0
DA:1404,0
DA:1406,104
DA:1407,0
DA:1408,0
DA:1412,104
DA:1413,104
DA:1414,104
DA:1417,104
DA:1418,104
DA:1419,11
DA:1420,11
DA:1421,11
DA:1422,11
DA:1424,93
DA:1425,4
DA:1426,4
DA:1427,4
DA:1428,4
DA:1429,4
DA:1430,4
DA:1431,4
DA:1432,4
DA:1434,89
DA:1435,44
DA:1436,44
DA:1437,44
DA:1440,45
DA:1441,45
DA:1442,1
DA:1443,1
DA:1445,44
DA:1446,44
DA:1447,44
DA:1448,44
DA:1449,44
DA:1451,44
DA:1455,0
DA:1456,0
DA:1460,65
DA:1461,53
DA:1463,101
DA:1464,0
DA:1467,101
DA:1468,0
DA:1469,0
DA:1471,101
DA:1472,0
DA:1473,0
DA:1477,101
DA:1478,101
DA:1479,101
DA:1480,101
DA:1481,101
DA:1482,53
DA:1483,30
DA:1484,30
DA:1485,30
DA:1486,30
DA:1489,48
DA:1490,48
DA:1491,18
DA:1492,18
DA:1493,18
DA:1494,18
DA:1495,18
DA:1498,53
DA:1499,53
DA:1500,53
DA:1501,53
DA:1504,0
DA:1505,0
DA:1506,0
DA:1509,0
DA:1514,65
DA:1515,55
DA:1517,356
DA:1518,168
DA:1521,188
DA:1522,0
DA:1523,0
DA:1526,188
DA:1527,0
DA:1528,0
DA:1531,188
DA:1532,188
DA:1534,188
DA:1535,133
DA:1536,133
DA:1537,133
DA:1538,133
DA:1539,133
DA:1541,23
DA:1543,133
DA:1545,88
DA:1546,212
DA:1547,5
DA:1553,133
DA:1554,133
DA:1555,133
DA:1558,0
DA:1559,0
DA:1560,0
DA:1563,55
DA:1564,55
DA:1565,55
DA:1567,0
DA:1568,0
DA:1569,0
DA:1573,65
DA:1574,55
DA:1576,292
DA:1577,74
DA:1580,218
DA:1581,0
DA:1582,0
DA:1585,218
DA:1586,0
DA:1587,0
DA:1590,218
DA:1591,218
DA:1592,218
DA:1594,218
DA:1595,55
DA:1596,55
DA:1597,55
DA:1598,55
DA:1599,23
DA:1602,32
DA:1606,163
DA:1607,53
DA:1608,53
DA:1609,53
DA:1610,53
DA:1612,110
DA:1613,55
DA:1614,16
DA:1615,14
DA:1616,14
DA:1617,14
DA:1618,14
DA:1619,14
DA:1620,14
DA:1623,2
DA:1624,2
DA:1625,2
DA:1626,2
DA:1627,2
DA:1628,2
DA:1629,2
DA:1633,39
DA:1634,39
DA:1635,39
DA:1636,39
DA:1639,55
DA:1640,55
DA:1641,55
DA:1642,55
DA:1646,55
DA:1647,55
DA:1648,55
DA:1651,0
DA:1652,0
DA:1653,0
DA:1657,65
DA:1658,34
DA:1660,238
DA:1661,133
DA:1664,105
DA:1665,2
DA:1666,2
DA:1669,103
DA:1670,1
DA:1671,1
DA:1674,102
DA:1675,102
DA:1676,102
DA:1677,102
DA:1679,102
DA:1680,33
DA:1681,33
DA:1682,33
DA:1683,33
DA:1684,33
DA:1685,33
DA:1690,33
DA:1693,69
DA:1694,15
DA:1695,15
DA:1696,15
DA:1697,15
DA:1698,15
DA:1701,2
DA:1703,15
DA:1705,13
DA:1706,14
DA:1707,1
DA:1713,15
DA:1714,15
DA:1715,15
DA:1718,0
DA:1719,0
DA:1720,0
DA:1724,54
DA:1725,54
DA:1726,31
DA:1727,31
DA:1728,31
DA:1729,31
DA:1730,31
DA:1731,31
DA:1732,31
DA:1733,31
DA:1736,23
DA:1737,23
DA:1738,23
DA:1739,23
DA:1740,0
DA:1741,0
DA:1742,0
DA:1745,23
DA:1752,23
DA:1753,23
DA:1754,23
DA:1755,23
DA:1756,23
DA:1757,0
DA:1760,23
DA:1764,0
DA:1765,0
DA:1766,0
DA:1767,0
DA:1768,0
DA:1770,0
DA:1774,65
DA:1775,41
DA:1777,246
DA:1778,101
DA:1781,145
DA:1782,1
DA:1783,1
DA:1786,144
DA:1787,1
DA:1788,1
DA:1791,143
DA:1792,143
DA:1793,143
DA:1794,143
DA:1796,143
DA:1797,112
DA:1798,103
DA:1799,65
DA:1800,31
DA:1801,31
DA:1802,31
DA:1803,2
DA:1804,0
DA:1805,0
DA:1808,29
DA:1809,0
DA:1810,0
DA:1813,29
DA:1815,31
DA:1817,34
DA:1818,33
DA:1819,33
DA:1820,33
DA:1823,1
DA:1827,38
DA:1828,38
DA:1829,38
DA:1830,38
DA:1831,4
DA:1833,34
DA:1837,9
DA:1838,6
DA:1839,5
DA:1840,3
DA:1841,3
DA:1842,3
DA:1843,3
DA:1844,3
DA:1846,2
DA:1847,1
DA:1851,1
DA:1854,1
DA:1855,1
DA:1858,0
DA:1862,3
DA:1867,38
DA:1868,31
DA:1869,0
DA:1871,31
DA:1872,31
DA:1873,31
DA:1874,31
DA:1877,7
DA:1878,7
DA:1879,7
DA:1880,7
DA:1881,0
DA:1883,7
DA:1887,65
DA:1888,6
DA:1890,32
DA:1891,15
DA:1894,17
DA:1895,0
DA:1896,0
DA:1899,17
DA:1900,0
DA:1901,0
DA:1904,17
DA:1905,17
DA:1906,17
DA:1908,17
DA:1909,6
DA:1910,6
DA:1911,6
DA:1912,6
DA:1915,11
DA:1916,5
DA:1917,5
DA:1918,5
DA:1919,5
DA:1920,5
DA:1922,1
DA:1924,5
DA:1926,3
DA:1927,7
DA:1928,1
DA:1934,5
DA:1935,5
DA:1936,5
DA:1939,0
DA:1940,0
DA:1941,0
DA:1944,6
DA:1945,5
DA:1946,5
DA:1947,5
DA:1948,5
DA:1949,5
DA:1952,1
DA:1953,1
DA:1954,1
DA:1955,1
DA:1956,1
DA:1957,1
DA:1958,1
DA:1959,1
DA:1960,1
DA:1961,1
DA:1965,0
DA:1966,0
DA:1967,0
DA:1968,0
DA:1969,0
DA:1971,0
DA:1975,65
DA:1976,6
DA:1978,18
DA:1979,6
DA:1982,12
DA:1983,0
DA:1984,0
DA:1987,12
DA:1988,0
DA:1989,0
DA:1992,12
DA:1993,12
DA:1994,12
DA:1996,12
DA:1997,6
DA:1998,6
DA:1999,6
DA:2000,6
DA:2001,0
DA:2003,6
DA:2007,6
DA:2008,6
DA:2009,6
DA:2010,6
DA:2011,6
DA:2014,0
DA:2015,0
DA:2016,0
DA:2017,0
DA:2018,0
DA:2020,0
DA:2024,65
DA:2026,177
DA:2028,618
DA:2029,178
DA:2032,440
DA:2033,1
DA:2034,1
DA:2037,439
DA:2038,4
DA:2039,4
DA:2042,435
DA:2043,435
DA:2044,435
DA:2046,435
DA:2047,177
DA:2048,177
DA:2049,177
DA:2051,177
DA:2052,3
DA:2053,3
DA:2054,3
DA:2056,174
DA:2058,174
DA:2059,174
DA:2060,165
DA:2065,174
DA:2066,174
DA:2069,258
DA:2070,258
DA:2071,183
DA:2072,22
DA:2073,22
DA:2074,22
DA:2075,22
DA:2076,22
DA:2078,0
DA:2079,0
DA:2082,161
DA:2084,29
DA:2085,28
DA:2086,28
DA:2087,28
DA:2088,28
DA:2090,1
DA:2091,1
DA:2094,132
DA:2095,9
DA:2096,2
DA:2099,123
DA:2100,123
DA:2101,123
DA:2102,123
DA:2106,85
DA:2107,38
DA:2108,38
DA:2109,1
DA:2110,1
DA:2111,1
DA:2113,37
DA:2114,37
DA:2117,47
DA:2118,38
DA:2119,1
DA:2121,38
DA:2122,2
DA:2124,38
DA:2125,38
DA:2126,38
DA:2130,9
DA:2132,9
DA:2136,65
DA:2137,87
DA:2139,87
DA:2140,9
DA:2143,78
DA:2144,2
DA:2145,2
DA:2148,76
DA:2149,2
DA:2150,2
DA:2153,74
DA:2155,74
DA:2156,25
DA:2157,25
DA:2158,25
DA:2159,24
DA:2160,24
DA:2161,2
DA:2164,22
DA:2165,23
DA:2166,1
DA:2172,24
DA:2173,24
DA:2174,24
DA:2177,1
DA:2178,1
DA:2181,49
DA:2182,14
DA:2183,7
DA:2184,1
DA:2185,1
DA:2187,6
DA:2188,6
DA:2189,6
DA:2190,6
DA:2192,42
DA:2193,36
DA:2194,36
DA:2195,36
DA:2196,36
DA:2197,36
DA:2200,6
DA:2201,6
DA:2205,65
DA:2206,2590
DA:2209,65
DA:2211,2245
DA:2212,62
DA:2215,2245
DA:2216,0
DA:2218,2245
DA:2221,65
DA:2228,224
DA:2231,19
DA:2234,31
DA:2237,0
DA:2242,0
DA:2243,0
DA:2244,0
DA:2245,0
DA:2246,0
DA:2247,0
DA:2248,0
DA:2249,0
DA:2250,0
DA:2251,0
DA:2252,0
DA:2253,0
DA:2256,0
DA:2259,0
DA:2261,0
DA:2262,0
DA:2265,0
DA:2267,0
DA:2276,1
DA:2277,0
DA:2278,0
DA:2280,0
DA:2281,0
DA:2284,0
DA:2285,0
DA:2286,0
DA:2287,0
DA:2289,0
DA:2290,0
DA:2293,0
DA:2296,1
DA:2297,65
DA:2298,65
DA:2299,65
DA:2301,65
DA:2302,2
DA:2305,63
DA:2307,63
DA:2308,451
DA:2309,451
DA:2310,451
DA:2311,451
DA:2312,2245
DA:2313,2245
DA:2314,2245
DA:2315,2245
DA:2316,2245
DA:2317,1107
DA:2320,1107
DA:2321,109
DA:2322,109
DA:2323,109
DA:2334,63
DA:2335,62
DA:2336,1
DA:2345,63
DA:2346,63
DA:2347,63
DA:2350,1
DA:2351,13
DA:2352,13
DA:2353,12
DA:2354,12
DA:2356,1
DA:2359,1
DA:2360,13
DA:2361,12
DA:2362,12
DA:2364,12
DA:2365,24
DA:2367,12
DA:2370,1
DA:2374,1
DA:2375,20
DA:2376,20
DA:2377,20
DA:2378,13
DA:2379,13
DA:2382,7
DA:2383,4
DA:2384,4
DA:2385,4
DA:2389,3
DA:2393,20
DA:2396,1
DA:2397,11
DA:2398,11
DA:2399,11
DA:2401,11
DA:2402,2
DA:2407,2
DA:2410,9
DA:2411,1
DA:2416,1
DA:2419,8
DA:2420,1
DA:2425,1
DA:2428,7
DA:2429,7
DA:2430,7
DA:2431,7
DA:2432,7
DA:2434,7
DA:2435,1
DA:2440,1
DA:2443,6
DA:2444,1
DA:2449,1
DA:2452,5
DA:2453,5
DA:2454,5
DA:2455,2
DA:2458,5
DA:2459,2
DA:2460,2
DA:2461,2
DA:2462,2
DA:2465,5
DA:2466,2
DA:2467,2
DA:2468,2
DA:2469,2
DA:2472,0
DA:2474,2
DA:2475,1
DA:2478,1
DA:2481,2
DA:2482,1
DA:2485,2
DA:2488,5
DA:2489,5
DA:2490,5
DA:2492,5
DA:2493,1
DA:2496,4
DA:2499,5
DA:2500,15
DA:2501,15
DA:2502,15
DA:2503,15
DA:2504,15
DA:2505,11
DA:2507,15
DA:2508,15
DA:2509,5
DA:2510,5
DA:2511,5
DA:2512,5
DA:2515,15
DA:2517,21
DA:2519,0
DA:2521,42
DA:2522,21
DA:2523,21
DA:2524,20
DA:2527,1
DA:2530,21
DA:2531,18
DA:2532,18
DA:2533,18
DA:2535,18
DA:2538,21
DA:2539,21
DA:2540,21
DA:2541,21
DA:2543,21
DA:2544,21
DA:2545,21
DA:2546,21
DA:2549,21
DA:2550,18
DA:2551,33
DA:2552,33
DA:2553,33
DA:2554,33
DA:2555,33
DA:2558,33
DA:2559,11
DA:2560,7
DA:2562,11
DA:2563,11
DA:2566,22
DA:2567,22
DA:2568,22
DA:2569,22
DA:2570,22
DA:2571,22
DA:2572,22
DA:2573,22
DA:2574,22
DA:2577,22
DA:2578,22
DA:2579,22
DA:2580,22
DA:2581,22
DA:2584,18
DA:2585,11
DA:2586,11
DA:2590,3
DA:2591,3
DA:2595,21
DA:2596,17
DA:2597,22
DA:2598,22
DA:2599,22
DA:2600,11
DA:2602,22
DA:2603,22
DA:2604,15
DA:2605,2
DA:2606,2
DA:2609,13
DA:2613,7
DA:2615,22
DA:2616,22
DA:2617,7
DA:2618,7
DA:2619,7
DA:2620,7
DA:2625,21
DA:2637,5
DA:2639,1
DA:2640,1
DA:2641,1
DA:2644,0
DA:2647,1
DA:2648,0
DA:2649,0
end_of_record
